<?xml version="1.0" encoding="UTF-8"?>
<!-- Generated by org.testng.reporters.JUnitReportReporter -->
<testsuite hostname="DESKTOP-1FSL10N" failures="0" tests="1" name="runner.TestNGRunner" time="21.120" errors="0" timestamp="2025-07-06T19:11:30 IST" skipped="0">
  <testcase classname="runner.TestNGRunner" name="runScenario" time="21.120"/>
</testsuite> <!-- runner.TestNGRunner -->
