<?xml version="1.0" encoding="UTF-8"?>
<!-- Generated by org.testng.reporters.JUnitReportReporter -->
<testsuite hostname="DESKTOP-1FSL10N" failures="0" tests="1" name="testCases.TC001_DemoTest" time="1.707" errors="0" timestamp="2025-06-22T17:41:29 IST" skipped="0">
  <testcase classname="testCases.TC001_DemoTest" name="verifyAccountResgistration" time="1.707"/>
</testsuite> <!-- testCases.TC001_DemoTest -->
